Arguments: 
  C:\Program Files\nodejs\node.exe C:\Users\SSAFY\AppData\Roaming\npm\node_modules\yarn\bin\yarn.js add @tmap/react-native

PATH: 
  C:\Users\SSAFY\bin;C:\Program Files\Git\mingw64\bin;C:\Program Files\Git\usr\local\bin;C:\Program Files\Git\usr\bin;C:\Program Files\Git\usr\bin;C:\Program Files\Git\mingw64\bin;C:\Program Files\Git\usr\bin;C:\Users\SSAFY\bin;C:\Users\SSAFY\AppData\Local\Android\Sdk\platform-tools;C:\Users\SSAFY\Desktop\Kiosk\backend\kiosk;C:\Program Files (x86)\Common Files\Oracle\Java\javapath;C:\Windows\system32;C:\Windows;C:\Windows\System32\Wbem;C:\Windows\System32\WindowsPowerShell\v1.0;C:\Windows\System32\OpenSSH;C:\Program Files (x86)\NVIDIA Corporation\PhysX\Common;C:\Program Files\Bandizip;C:\Program Files\nodejs;C:\Program Files\Git\cmd;C:\Program Files\Git LFS;C:\Users\SSAFY\Desktop\Python 3.11;C:\Users\SSAFY\AppData\Local\Microsoft\WindowsApps;C:\Users\SSAFY\AppData\Roaming\npm;C:\Users\SSAFY\AppData\Local\Programs\Microsoft VS Code\bin;C:\Program Files\Git\usr\bin\vendor_perl;C:\Program Files\Git\usr\bin\core_perl

Yarn version: 
  1.22.19

Node version: 
  18.12.1

Platform: 
  win32 x64

Trace: 
  Error: https://registry.yarnpkg.com/@tmap%2freact-native: Not found
      at params.callback [as _callback] (C:\Users\SSAFY\AppData\Roaming\npm\node_modules\yarn\lib\cli.js:66145:18)
      at self.callback (C:\Users\SSAFY\AppData\Roaming\npm\node_modules\yarn\lib\cli.js:140890:22)
      at Request.emit (node:events:513:28)
      at Request.<anonymous> (C:\Users\SSAFY\AppData\Roaming\npm\node_modules\yarn\lib\cli.js:141862:10)
      at Request.emit (node:events:513:28)
      at IncomingMessage.<anonymous> (C:\Users\SSAFY\AppData\Roaming\npm\node_modules\yarn\lib\cli.js:141784:12)
      at Object.onceWrapper (node:events:627:28)
      at IncomingMessage.emit (node:events:525:35)
      at endReadableNT (node:internal/streams/readable:1359:12)
      at process.processTicksAndRejections (node:internal/process/task_queues:82:21)

npm manifest: 
  {
    "name": "ttarawa",
    "version": "1.0.0",
    "main": "node_modules/expo/AppEntry.js",
    "scripts": {
      "start": "expo start",
      "android": "expo start --android",
      "ios": "expo start --ios",
      "web": "expo start --web"
    },
    "dependencies": {
      "@react-native-community/masked-view": "^0.1.11",
      "@react-navigation/bottom-tabs": "^6.5.7",
      "@react-navigation/material-bottom-tabs": "^6.2.15",
      "@react-navigation/native": "^6.1.6",
      "@react-navigation/stack": "^6.3.16",
      "@reduxjs/toolkit": "^1.9.3",
      "@types/redux": "^3.6.0",
      "axios": "^1.3.4",
      "babel-plugin-module-resolver": "^5.0.0",
      "expo": "~48.0.5",
      "expo-location": "~15.1.1",
      "expo-notifications": "^0.18.1",
      "expo-status-bar": "~1.4.4",
      "react": "18.2.0",
      "react-native": "0.71.3",
      "react-native-gesture-handler": "~2.9.0",
      "react-native-paper": "^5.4.0",
      "react-native-reanimated": "~2.14.4",
      "react-native-safe-area-context": "4.5.0",
      "react-native-safe-area-view": "^1.1.1",
      "react-native-screens": "~3.20.0",
      "react-native-svg": "13.4.0",
      "react-native-vector-icons": "^9.2.0",
      "react-native-webview": "11.26.0",
      "react-redux": "^8.0.5",
      "redux": "^4.2.1"
    },
    "devDependencies": {
      "@babel/core": "^7.20.0",
      "@types/react": "^18.0.28",
      "@types/react-native": "^0.71.3",
      "typescript": "^4.9.5"
    },
    "private": true
  }

yarn manifest: 
  No manifest

Lockfile: 
  No lockfile
